<?xml version="1.0" encoding="UTF-8"?>
<testsuite xmlns:xsi="http://www.w3.org/2001/XMLSchema-instance" xsi:schemaLocation="https://maven.apache.org/surefire/maven-surefire-plugin/xsd/surefire-test-report.xsd" name="TestSuite" time="9.218" tests="68" errors="0" skipped="0" failures="0">
  <properties>
    <property name="java.runtime.name" value="Java(TM) SE Runtime Environment"/>
    <property name="sun.boot.library.path" value="C:\Program Files (x86)\Java\jdk-8u131\jre\bin"/>
    <property name="java.vm.version" value="25.131-b11"/>
    <property name="java.vm.vendor" value="Oracle Corporation"/>
    <property name="maven.multiModuleProjectDirectory" value="C:\workspaces\api-management\apimanager-swagger-promote"/>
    <property name="java.vendor.url" value="http://java.oracle.com/"/>
    <property name="path.separator" value=";"/>
    <property name="guice.disable.misplaced.annotation.check" value="true"/>
    <property name="java.vm.name" value="Java HotSpot(TM) 64-Bit Server VM"/>
    <property name="file.encoding.pkg" value="sun.io"/>
    <property name="user.script" value=""/>
    <property name="user.country" value="DE"/>
    <property name="sun.java.launcher" value="SUN_STANDARD"/>
    <property name="sun.os.patch.level" value=""/>
    <property name="java.vm.specification.name" value="Java Virtual Machine Specification"/>
    <property name="user.dir" value="C:\workspaces\api-management\apimanager-swagger-promote"/>
    <property name="java.runtime.version" value="1.8.0_131-b11"/>
    <property name="java.awt.graphicsenv" value="sun.awt.Win32GraphicsEnvironment"/>
    <property name="java.endorsed.dirs" value="C:\Program Files (x86)\Java\jdk-8u131\jre\lib\endorsed"/>
    <property name="os.arch" value="amd64"/>
    <property name="java.io.tmpdir" value="C:\Users\cwiechmann\AppData\Local\Temp\"/>
    <property name="line.separator" value="&#10;"/>
    <property name="java.vm.specification.vendor" value="Oracle Corporation"/>
    <property name="user.variant" value=""/>
    <property name="os.name" value="Windows 10"/>
    <property name="classworlds.conf" value="C:\ProgramData\chocolatey\lib\maven\apache-maven-3.6.3\bin\..\bin\m2.conf"/>
    <property name="sun.jnu.encoding" value="Cp1252"/>
    <property name="java.library.path" value="C:\Program Files (x86)\Java\jdk-8u131\bin;C:\WINDOWS\Sun\Java\bin;C:\WINDOWS\system32;C:\WINDOWS;C:\Users\cwiechmann\AppData\Roaming\npm;C:\Program Files\nodejs\;C:\Program Files\Docker\Docker\resources\bin;C:\Windows\System32;C:\Windows;C:\Windows\System32\wbem;C:\Windows\System32\WindowsPowerShell\v1.0\;C:\Program Files (x86)\Kaspersky Lab\Kaspersky Endpoint Security 10 for Windows SP2\;C:\Program Files\PuTTY\;C:\Windows\System32\OpenSSH\;C:\ProgramData\chocolatey\bin;;C:\Program Files (x86)\GnuPG\bin;C:\Program Files (x86)\Plantronics\Spokes3G\;C:\ProgramData\chocolatey\lib\maven\apache-maven-3.6.3\bin;C:\Program Files\Intel\WiFi\bin\;C:\Program Files\Common Files\Intel\WirelessCommon\;C:\Program Files\nodejs\;C:\Program Files\Amazon\AWSCLI\bin\;C:\Program Files (x86)\Intel\Intel(R) Management Engine Components\DAL;C:\Program Files\Intel\Intel(R) Management Engine Components\DAL;C:\ProgramData\chocolatey\lib\maven\apache-maven-3.6.3\bin;C:\Users\cwiechmann\AppData\Local\Programs\Python\Python36\Scripts\;C:\Users\cwiechmann\AppData\Local\Programs\Python\Python36\;C:\Users\cwiechmann\AppData\Local\Microsoft\WindowsApps;C:\Users\cwiechmann\AppData\Local\Programs\Git\cmd;C:\Program Files (x86)\OpenSSL-Win32\bin;C:\Program Files (x86)\Java\jdk-8u131\bin;C:\Users\cwiechmann\AppData\Local\GitHubDesktop\bin;C:\Axway-7.5.3\apigateway\Win32\lib;%MAVEN_HOME%\bin;C:\Users\cwiechmann\AppData\Local\atom\bin;C:\Program Files\gnupg-2.2.16;%SWAGGER_PROMOTE_BIN%;%USERPROFILE%\AppData\Local\Microsoft\WindowsApps;C:\Users\cwiechmann\AppData\Roaming\npm;C:\Users\cwiechmann\AppData\Local\Programs\Microsoft VS Code\bin;;."/>
    <property name="maven.conf" value="C:\ProgramData\chocolatey\lib\maven\apache-maven-3.6.3\bin\../conf"/>
    <property name="java.specification.name" value="Java Platform API Specification"/>
    <property name="java.class.version" value="52.0"/>
    <property name="sun.management.compiler" value="HotSpot 64-Bit Tiered Compilers"/>
    <property name="os.version" value="10.0"/>
    <property name="library.jansi.path" value="C:\ProgramData\chocolatey\lib\maven\apache-maven-3.6.3\bin\..\lib\jansi-native"/>
    <property name="user.home" value="C:\Users\cwiechmann"/>
    <property name="user.timezone" value="Europe/Berlin"/>
    <property name="java.awt.printerjob" value="sun.awt.windows.WPrinterJob"/>
    <property name="java.specification.version" value="1.8"/>
    <property name="file.encoding" value="Cp1252"/>
    <property name="user.name" value="cwiechmann"/>
    <property name="java.class.path" value="C:\ProgramData\chocolatey\lib\maven\apache-maven-3.6.3\bin\..\boot\plexus-classworlds-2.6.0.jar"/>
    <property name="java.vm.specification.version" value="1.8"/>
    <property name="sun.arch.data.model" value="64"/>
    <property name="java.home" value="C:\Program Files (x86)\Java\jdk-8u131\jre"/>
    <property name="sun.java.command" value="org.codehaus.plexus.classworlds.launcher.Launcher test"/>
    <property name="java.specification.vendor" value="Oracle Corporation"/>
    <property name="user.language" value="de"/>
    <property name="awt.toolkit" value="sun.awt.windows.WToolkit"/>
    <property name="java.vm.info" value="mixed mode"/>
    <property name="java.version" value="1.8.0_131"/>
    <property name="java.ext.dirs" value="C:\Program Files (x86)\Java\jdk-8u131\jre\lib\ext;C:\WINDOWS\Sun\Java\lib\ext"/>
    <property name="sun.boot.class.path" value="C:\Program Files (x86)\Java\jdk-8u131\jre\lib\resources.jar;C:\Program Files (x86)\Java\jdk-8u131\jre\lib\rt.jar;C:\Program Files (x86)\Java\jdk-8u131\jre\lib\sunrsasign.jar;C:\Program Files (x86)\Java\jdk-8u131\jre\lib\jsse.jar;C:\Program Files (x86)\Java\jdk-8u131\jre\lib\jce.jar;C:\Program Files (x86)\Java\jdk-8u131\jre\lib\charsets.jar;C:\Program Files (x86)\Java\jdk-8u131\jre\lib\jfr.jar;C:\Program Files (x86)\Java\jdk-8u131\jre\classes"/>
    <property name="sun.stderr.encoding" value="cp850"/>
    <property name="java.vendor" value="Oracle Corporation"/>
    <property name="maven.home" value="C:\ProgramData\chocolatey\lib\maven\apache-maven-3.6.3\bin\.."/>
    <property name="file.separator" value="\"/>
    <property name="java.vendor.url.bug" value="http://bugreport.sun.com/bugreport/"/>
    <property name="sun.cpu.endian" value="little"/>
    <property name="sun.io.unicode.encoding" value="UnicodeLittle"/>
    <property name="sun.stdout.encoding" value="cp850"/>
    <property name="sun.desktop" value="windows"/>
    <property name="sun.cpu.isalist" value="amd64"/>
  </properties>
  <testcase name="backendHostAndBasePath" classname="com.axway.apim.api.definition.APISpecificationOpenAPI3xTest" time="0.084"/>
  <testcase name="includingBasePath" classname="com.axway.apim.api.definition.APISpecificationSwagger1xTest" time="0.011"/>
  <testcase name="specificPort" classname="com.axway.apim.api.definition.APISpecificationSwagger1xTest" time="0.023"/>
  <testcase name="standardPort" classname="com.axway.apim.api.definition.APISpecificationSwagger1xTest" time="0.032"/>
  <testcase name="standardPortGiven" classname="com.axway.apim.api.definition.APISpecificationSwagger1xTest" time="0.017"/>
  <testcase name="testSwagger11Specification" classname="com.axway.apim.api.definition.APISpecificationSwagger1xTest" time="0.011"/>
  <testcase name="backendBasepathChangesNothing" classname="com.axway.apim.api.definition.APISpecificationSwagger2xTest" time="0"/>
  <testcase name="backendHostAndBasePath" classname="com.axway.apim.api.definition.APISpecificationSwagger2xTest" time="0.012"/>
  <testcase name="backendHostBasisBasePath" classname="com.axway.apim.api.definition.APISpecificationSwagger2xTest" time="0.02"/>
  <testcase name="backendHostOnly" classname="com.axway.apim.api.definition.APISpecificationSwagger2xTest" time="0.039"/>
  <testcase name="swaggerWithoutSchemes" classname="com.axway.apim.api.definition.APISpecificationSwagger2xTest" time="0.015"/>
  <testcase name="testWithoutBackendBasepath" classname="com.axway.apim.api.definition.APISpecificationSwagger2xTest" time="0"/>
  <testcase name="isWSDLSpecification" classname="com.axway.apim.api.definition.APISpecificationWSDLTest" time="0"/>
  <testcase name="configFileWithSpaces" classname="com.axway.apim.test.basic.APIImportConfigAdapterTest" time="0.218"/>
  <testcase name="notDeclaredVariable" classname="com.axway.apim.test.basic.APIImportConfigAdapterTest" time="0.031"/>
  <testcase name="stageConfigInSubDirectory" classname="com.axway.apim.test.basic.APIImportConfigAdapterTest" time="0.045"/>
  <testcase name="usingOSEnvVariable" classname="com.axway.apim.test.basic.APIImportConfigAdapterTest" time="0.008"/>
  <testcase name="withStage" classname="com.axway.apim.test.basic.APIImportConfigAdapterTest" time="0.017"/>
  <testcase name="withoutStage" classname="com.axway.apim.test.basic.APIImportConfigAdapterTest" time="0.019"/>
  <testcase name="testHttpUriCheck" classname="com.axway.apim.test.basic.APIImportConfigTest" time="0.019"/>
  <testcase name="duplicateVHost" classname="com.axway.apim.test.basic.ExistingAPITest" time="0.053"/>
  <testcase name="getUniqueWithRoutingKeyNotOkay" classname="com.axway.apim.test.basic.ExistingAPITest" time="0.208"/>
  <testcase name="getUniqueWithRoutingKeyOK" classname="com.axway.apim.test.basic.ExistingAPITest" time="0.014"/>
  <testcase name="getUniqueWithRoutingKeyOK2" classname="com.axway.apim.test.basic.ExistingAPITest" time="0.021"/>
  <testcase name="getUniqueWithRoutingKeyVHostOK" classname="com.axway.apim.test.basic.ExistingAPITest" time="0.021"/>
  <testcase name="getUniqueWithRoutingKeyVHostOK2" classname="com.axway.apim.test.basic.ExistingAPITest" time="0.16"/>
  <testcase name="nonExistingAPI" classname="com.axway.apim.test.basic.ExistingAPITest" time="0.009"/>
  <testcase name="nonExistingUniqueAPI" classname="com.axway.apim.test.basic.ExistingAPITest" time="0.011"/>
  <testcase name="nothingGivenToFilterTest" classname="com.axway.apim.test.basic.ExistingAPITest" time="0.009"/>
  <testcase name="reponseContainsOneAPIOnly" classname="com.axway.apim.test.basic.ExistingAPITest" time="0"/>
  <testcase name="restrictedOnVHost" classname="com.axway.apim.test.basic.ExistingAPITest" time="0.022"/>
  <testcase name="resultMustBeUniqueButIsNot" classname="com.axway.apim.test.basic.ExistingAPITest" time="0.04"/>
  <testcase name="isVersionWithAPIManager753" classname="com.axway.apim.test.basic.ManagerVersionCheckTest" time="0"/>
  <testcase name="isVersionWithAPIManager762" classname="com.axway.apim.test.basic.ManagerVersionCheckTest" time="0"/>
  <testcase name="isVersionWithAPIManager77" classname="com.axway.apim.test.basic.ManagerVersionCheckTest" time="0"/>
  <testcase name="isVersionWithAPIManager7720200130" classname="com.axway.apim.test.basic.ManagerVersionCheckTest" time="0"/>
  <testcase name="isVersionWithAPIManager7720200331" classname="com.axway.apim.test.basic.ManagerVersionCheckTest" time="0"/>
  <testcase name="testAliasOne" classname="com.axway.apim.test.cacerts.CertFilenameTest" time="0"/>
  <testcase name="testAliasUnknown" classname="com.axway.apim.test.cacerts.CertFilenameTest" time="0.023"/>
  <testcase name="isVhostBreaking" classname="com.axway.apim.test.changestate.ChangeStateTest" time="0"/>
  <testcase name="testOrderMakesNoChange" classname="com.axway.apim.test.changestate.ChangeStateTest" time="0"/>
  <testcase name="testInvalidRetirementDate1" classname="com.axway.apim.test.changestate.RetirementDateParserTest" time="0"/>
  <testcase name="testInvalidRetirementDate2" classname="com.axway.apim.test.changestate.RetirementDateParserTest" time="0"/>
  <testcase name="testValidRetirementDates" classname="com.axway.apim.test.changestate.RetirementDateParserTest" time="0.066"/>
  <testcase name="testAppConfigIssue122Parser" classname="com.axway.apim.test.customproperties.AppConfigParserTest" time="0"/>
  <testcase name="testAppConfigIssue79Parser" classname="com.axway.apim.test.customproperties.AppConfigParserTest" time="0"/>
  <testcase name="testAppConfigParser" classname="com.axway.apim.test.customproperties.AppConfigParserTest" time="0"/>
  <testcase name="testNoStage" classname="com.axway.apim.test.envProperties.EnvPropertiesTest" time="0.008"/>
  <testcase name="testNoStageFromConfDir" classname="com.axway.apim.test.envProperties.EnvPropertiesTest" time="0.018"/>
  <testcase name="testStage" classname="com.axway.apim.test.envProperties.EnvPropertiesTest" time="0.021"/>
  <testcase name="testStageFromConfDir" classname="com.axway.apim.test.envProperties.EnvPropertiesTest" time="0.034"/>
  <testcase name="validateBaseEnvReplacedOSAttribute" classname="com.axway.apim.test.envProperties.SubstituteVariablesTest" time="0.008"/>
  <testcase name="validateStageEnvOveridesAll" classname="com.axway.apim.test.envProperties.SubstituteVariablesTest" time="0.015"/>
  <testcase name="validateSystemOSAreSubstituted" classname="com.axway.apim.test.envProperties.SubstituteVariablesTest" time="0"/>
  <testcase name="testLargeImage" classname="com.axway.apim.test.image.ImageComparisionTest" time="0.12"/>
  <testcase name="testMediumImage" classname="com.axway.apim.test.image.ImageComparisionTest" time="0.116"/>
  <testcase name="testOrigVsProcessedImageSmall" classname="com.axway.apim.test.image.ImageComparisionTest" time="0.016"/>
  <testcase name="testSameImage" classname="com.axway.apim.test.image.ImageComparisionTest" time="0.018"/>
  <testcase name="testSlightlyChangedImage" classname="com.axway.apim.test.image.ImageComparisionTest" time="0.015"/>
  <testcase name="testMapper1" classname="com.axway.apim.test.lib.ErrorCodeMapperTest" time="0.001"/>
  <testcase name="testMapper2" classname="com.axway.apim.test.lib.ErrorCodeMapperTest" time="0.001"/>
  <testcase name="testMapper3" classname="com.axway.apim.test.lib.ErrorCodeMapperTest" time="0"/>
  <testcase name="testMapper4" classname="com.axway.apim.test.lib.ErrorCodeMapperTest" time="0"/>
  <testcase name="testMapper5" classname="com.axway.apim.test.lib.ErrorCodeMapperTest" time="0.001"/>
  <testcase name="testInvalidKeystoreType" classname="com.axway.apim.test.security.PrivateKeystoreLoadTest" time="2.762"/>
  <testcase name="testInvalidPasswordKeystoreFile" classname="com.axway.apim.test.security.PrivateKeystoreLoadTest" time="0.593"/>
  <testcase name="testWorkingKeystoreFile" classname="com.axway.apim.test.security.PrivateKeystoreLoadTest" time="0.695"/>
  <testcase name="testvalidKeystoreType" classname="com.axway.apim.test.security.PrivateKeystoreLoadTest" time="0.596"/>
</testsuite>