<?xml version="1.0" encoding="UTF-8"?>
<!-- Generated by org.testng.reporters.JUnitReportReporter -->
<testsuite hostname="ITEM-AX31720" name="com.axway.apim.test.image.ImageComparisionTest" tests="5" failures="0" timestamp="30 Apr 2020 16:50:58 GMT" time="0.732" errors="0">
  <testcase name="testOrigVsProcessedImageSmall" time="0.016" classname="com.axway.apim.test.image.ImageComparisionTest"/>
  <testcase name="testLargeImage" time="0.565" classname="com.axway.apim.test.image.ImageComparisionTest"/>
  <testcase name="testMediumImage" time="0.116" classname="com.axway.apim.test.image.ImageComparisionTest"/>
  <testcase name="testSameImage" time="0.019" classname="com.axway.apim.test.image.ImageComparisionTest"/>
  <testcase name="testSlightlyChangedImage" time="0.016" classname="com.axway.apim.test.image.ImageComparisionTest"/>
</testsuite> <!-- com.axway.apim.test.image.ImageComparisionTest -->
