<?xml version="1.0" encoding="UTF-8"?>
<!-- Generated by org.testng.reporters.JUnitReportReporter -->
<testsuite hostname="ITEM-AX31720" name="com.axway.apim.test.cacerts.CertFilenameTest" tests="2" failures="0" timestamp="30 Apr 2020 16:50:58 GMT" time="0.004" errors="0">
  <testcase name="testAliasOne" time="0.001" classname="com.axway.apim.test.cacerts.CertFilenameTest"/>
  <testcase name="testAliasUnknown" time="0.003" classname="com.axway.apim.test.cacerts.CertFilenameTest"/>
</testsuite> <!-- com.axway.apim.test.cacerts.CertFilenameTest -->
