<?xml version="1.0" encoding="UTF-8"?>
<!-- Generated by org.testng.reporters.JUnitReportReporter -->
<testsuite hostname="ITEM-AX31720" name="com.axway.apim.api.definition.APISpecificationSwagger2xTest" tests="6" failures="0" timestamp="30 Apr 2020 16:50:58 GMT" time="0.045" errors="0">
  <testcase name="swaggerWithoutSchemes" time="0.007" classname="com.axway.apim.api.definition.APISpecificationSwagger2xTest"/>
  <testcase name="testWithoutBackendBasepath" time="0.008" classname="com.axway.apim.api.definition.APISpecificationSwagger2xTest"/>
  <testcase name="backendHostBasisBasePath" time="0.005" classname="com.axway.apim.api.definition.APISpecificationSwagger2xTest"/>
  <testcase name="backendHostAndBasePath" time="0.008" classname="com.axway.apim.api.definition.APISpecificationSwagger2xTest"/>
  <testcase name="backendHostOnly" time="0.005" classname="com.axway.apim.api.definition.APISpecificationSwagger2xTest"/>
  <testcase name="backendBasepathChangesNothing" time="0.012" classname="com.axway.apim.api.definition.APISpecificationSwagger2xTest"/>
</testsuite> <!-- com.axway.apim.api.definition.APISpecificationSwagger2xTest -->
