<?xml version="1.0" encoding="UTF-8"?>
<!-- Generated by org.testng.reporters.JUnitReportReporter -->
<testsuite hostname="ITEM-AX31720" name="com.axway.apim.test.customproperties.AppConfigParserTest" tests="3" failures="0" timestamp="30 Apr 2020 16:50:58 GMT" time="0.029" errors="0">
  <testcase name="testAppConfigParser" time="0.019" classname="com.axway.apim.test.customproperties.AppConfigParserTest"/>
  <testcase name="testAppConfigIssue79Parser" time="0.005" classname="com.axway.apim.test.customproperties.AppConfigParserTest"/>
  <testcase name="testAppConfigIssue122Parser" time="0.005" classname="com.axway.apim.test.customproperties.AppConfigParserTest"/>
</testsuite> <!-- com.axway.apim.test.customproperties.AppConfigParserTest -->
