<?xml version="1.0" encoding="UTF-8"?>
<!-- Generated by org.testng.reporters.JUnitReportReporter -->
<testsuite hostname="ITEM-AX31720" name="com.axway.apim.api.definition.APISpecificationSwagger1xTest" tests="5" failures="0" timestamp="30 Apr 2020 16:50:58 GMT" time="0.012" errors="0">
  <testcase name="testSwagger11Specification" time="0.005" classname="com.axway.apim.api.definition.APISpecificationSwagger1xTest"/>
  <testcase name="includingBasePath" time="0.002" classname="com.axway.apim.api.definition.APISpecificationSwagger1xTest"/>
  <testcase name="specificPort" time="0.002" classname="com.axway.apim.api.definition.APISpecificationSwagger1xTest"/>
  <testcase name="standardPortGiven" time="0.002" classname="com.axway.apim.api.definition.APISpecificationSwagger1xTest"/>
  <testcase name="standardPort" time="0.001" classname="com.axway.apim.api.definition.APISpecificationSwagger1xTest"/>
</testsuite> <!-- com.axway.apim.api.definition.APISpecificationSwagger1xTest -->
