<?xml version="1.0" encoding="UTF-8"?>
<!-- Generated by org.testng.reporters.JUnitReportReporter -->
<testsuite hostname="ITEM-AX31720" name="com.axway.apim.test.basic.APIImportConfigTest" tests="1" failures="0" timestamp="30 Apr 2020 16:50:58 GMT" time="0.019" errors="0">
  <testcase name="testHttpUriCheck" time="0.019" classname="com.axway.apim.test.basic.APIImportConfigTest"/>
</testsuite> <!-- com.axway.apim.test.basic.APIImportConfigTest -->
