<?xml version="1.0" encoding="UTF-8"?>
<!-- Generated by org.testng.reporters.JUnitReportReporter -->
<testsuite hostname="ITEM-AX31720" name="com.axway.apim.test.changestate.ChangeStateTest" tests="2" failures="0" timestamp="30 Apr 2020 16:50:58 GMT" time="0.014" errors="0">
  <testcase name="isVhostBreaking" time="0.013" classname="com.axway.apim.test.changestate.ChangeStateTest"/>
  <testcase name="testOrderMakesNoChange" time="0.001" classname="com.axway.apim.test.changestate.ChangeStateTest"/>
</testsuite> <!-- com.axway.apim.test.changestate.ChangeStateTest -->
