<?xml version="1.0" encoding="UTF-8"?>
<!-- Generated by org.testng.reporters.JUnitReportReporter -->
<testsuite hostname="ITEM-AX31720" name="com.axway.apim.test.basic.APIImportConfigAdapterTest" tests="6" failures="0" timestamp="30 Apr 2020 16:50:58 GMT" time="0.468" errors="0">
  <testcase name="configFileWithSpaces" time="0.318" classname="com.axway.apim.test.basic.APIImportConfigAdapterTest"/>
  <testcase name="withoutStage" time="0.026" classname="com.axway.apim.test.basic.APIImportConfigAdapterTest"/>
  <testcase name="stageConfigInSubDirectory" time="0.031" classname="com.axway.apim.test.basic.APIImportConfigAdapterTest"/>
  <testcase name="notDeclaredVariable" time="0.036" classname="com.axway.apim.test.basic.APIImportConfigAdapterTest"/>
  <testcase name="withStage" time="0.026" classname="com.axway.apim.test.basic.APIImportConfigAdapterTest"/>
  <testcase name="usingOSEnvVariable" time="0.031" classname="com.axway.apim.test.basic.APIImportConfigAdapterTest"/>
</testsuite> <!-- com.axway.apim.test.basic.APIImportConfigAdapterTest -->
