<?xml version="1.0" encoding="UTF-8"?>
<!-- Generated by org.testng.reporters.JUnitReportReporter -->
<testsuite hostname="ITEM-AX31720" name="com.axway.apim.test.basic.ManagerVersionCheckTest" tests="5" failures="0" timestamp="30 Apr 2020 16:50:58 GMT" time="0.037" errors="0">
  <testcase name="isVersionWithAPIManager762" time="0.005" classname="com.axway.apim.test.basic.ManagerVersionCheckTest"/>
  <testcase name="isVersionWithAPIManager77" time="0.002" classname="com.axway.apim.test.basic.ManagerVersionCheckTest"/>
  <testcase name="isVersionWithAPIManager7720200331" time="0.014" classname="com.axway.apim.test.basic.ManagerVersionCheckTest"/>
  <testcase name="isVersionWithAPIManager7720200130" time="0.004" classname="com.axway.apim.test.basic.ManagerVersionCheckTest"/>
  <testcase name="isVersionWithAPIManager753" time="0.012" classname="com.axway.apim.test.basic.ManagerVersionCheckTest"/>
</testsuite> <!-- com.axway.apim.test.basic.ManagerVersionCheckTest -->
