<?xml version="1.0" encoding="UTF-8"?>
<!-- Generated by org.testng.reporters.JUnitReportReporter -->
<testsuite hostname="ITEM-AX31720" name="com.axway.apim.test.basic.ExistingAPITest" tests="12" failures="0" timestamp="30 Apr 2020 16:50:58 GMT" time="0.062" errors="0">
  <testcase name="nonExistingUniqueAPI" time="0.004" classname="com.axway.apim.test.basic.ExistingAPITest"/>
  <testcase name="getUniqueWithRoutingKeyOK" time="0.003" classname="com.axway.apim.test.basic.ExistingAPITest"/>
  <testcase name="nonExistingAPI" time="0.006" classname="com.axway.apim.test.basic.ExistingAPITest"/>
  <testcase name="reponseContainsOneAPIOnly" time="0.001" classname="com.axway.apim.test.basic.ExistingAPITest"/>
  <testcase name="getUniqueWithRoutingKeyOK2" time="0.003" classname="com.axway.apim.test.basic.ExistingAPITest"/>
  <testcase name="getUniqueWithRoutingKeyNotOkay" time="0.007" classname="com.axway.apim.test.basic.ExistingAPITest"/>
  <testcase name="getUniqueWithRoutingKeyVHostOK" time="0.002" classname="com.axway.apim.test.basic.ExistingAPITest"/>
  <testcase name="resultMustBeUniqueButIsNot" time="0.006" classname="com.axway.apim.test.basic.ExistingAPITest"/>
  <testcase name="duplicateVHost" time="0.014" classname="com.axway.apim.test.basic.ExistingAPITest"/>
  <testcase name="getUniqueWithRoutingKeyVHostOK2" time="0.001" classname="com.axway.apim.test.basic.ExistingAPITest"/>
  <testcase name="restrictedOnVHost" time="0.004" classname="com.axway.apim.test.basic.ExistingAPITest"/>
  <testcase name="nothingGivenToFilterTest" time="0.011" classname="com.axway.apim.test.basic.ExistingAPITest"/>
</testsuite> <!-- com.axway.apim.test.basic.ExistingAPITest -->
