<?xml version="1.0" encoding="UTF-8"?>
<!-- Generated by org.testng.reporters.JUnitReportReporter -->
<testsuite hostname="ITEM-AX31720" name="com.axway.apim.test.envProperties.SubstituteVariablesTest" tests="3" failures="0" timestamp="30 Apr 2020 16:50:58 GMT" time="0.108" errors="0">
  <testcase name="validateSystemOSAreSubstituted" time="0.026" classname="com.axway.apim.test.envProperties.SubstituteVariablesTest"/>
  <testcase name="validateStageEnvOveridesAll" time="0.033" classname="com.axway.apim.test.envProperties.SubstituteVariablesTest"/>
  <testcase name="validateBaseEnvReplacedOSAttribute" time="0.049" classname="com.axway.apim.test.envProperties.SubstituteVariablesTest"/>
</testsuite> <!-- com.axway.apim.test.envProperties.SubstituteVariablesTest -->
