<?xml version="1.0" encoding="UTF-8"?>
<!-- Generated by org.testng.reporters.JUnitReportReporter -->
<testsuite hostname="ITEM-AX31720" name="com.axway.apim.api.definition.APISpecificationWSDLTest" tests="1" failures="0" timestamp="30 Apr 2020 16:50:58 GMT" time="0.020" errors="0">
  <testcase name="isWSDLSpecification" time="0.020" classname="com.axway.apim.api.definition.APISpecificationWSDLTest"/>
</testsuite> <!-- com.axway.apim.api.definition.APISpecificationWSDLTest -->
