<?xml version="1.0" encoding="UTF-8"?>
<!-- Generated by org.testng.reporters.JUnitReportReporter -->
<testsuite hostname="ITEM-AX31720" name="com.axway.apim.test.security.PrivateKeystoreLoadTest" tests="4" failures="0" timestamp="30 Apr 2020 16:50:58 GMT" time="4.648" errors="0">
  <testcase name="testInvalidKeystoreType" time="2.761" classname="com.axway.apim.test.security.PrivateKeystoreLoadTest"/>
  <testcase name="testInvalidPasswordKeystoreFile" time="0.594" classname="com.axway.apim.test.security.PrivateKeystoreLoadTest"/>
  <testcase name="testvalidKeystoreType" time="0.597" classname="com.axway.apim.test.security.PrivateKeystoreLoadTest"/>
  <testcase name="testWorkingKeystoreFile" time="0.696" classname="com.axway.apim.test.security.PrivateKeystoreLoadTest"/>
</testsuite> <!-- com.axway.apim.test.security.PrivateKeystoreLoadTest -->
