<?xml version="1.0" encoding="UTF-8"?>
<!-- Generated by org.testng.reporters.JUnitReportReporter -->
<testsuite hostname="ITEM-AX31720" name="com.axway.apim.test.lib.ErrorCodeMapperTest" tests="5" failures="0" timestamp="30 Apr 2020 16:50:58 GMT" time="0.002" errors="0">
  <testcase name="testMapper5" time="0.001" classname="com.axway.apim.test.lib.ErrorCodeMapperTest"/>
  <testcase name="testMapper3" time="0.000" classname="com.axway.apim.test.lib.ErrorCodeMapperTest"/>
  <testcase name="testMapper2" time="0.000" classname="com.axway.apim.test.lib.ErrorCodeMapperTest"/>
  <testcase name="testMapper4" time="0.000" classname="com.axway.apim.test.lib.ErrorCodeMapperTest"/>
  <testcase name="testMapper1" time="0.001" classname="com.axway.apim.test.lib.ErrorCodeMapperTest"/>
</testsuite> <!-- com.axway.apim.test.lib.ErrorCodeMapperTest -->
