<?xml version="1.0" encoding="UTF-8"?>
<!-- Generated by org.testng.reporters.JUnitReportReporter -->
<testsuite hostname="ITEM-AX31720" name="com.axway.apim.api.definition.APISpecificationOpenAPI3xTest" tests="1" failures="0" timestamp="30 Apr 2020 16:50:58 GMT" time="0.086" errors="0">
  <testcase name="backendHostAndBasePath" time="0.086" classname="com.axway.apim.api.definition.APISpecificationOpenAPI3xTest"/>
</testsuite> <!-- com.axway.apim.api.definition.APISpecificationOpenAPI3xTest -->
