<?xml version="1.0" encoding="UTF-8"?>
<!-- Generated by org.testng.reporters.JUnitReportReporter -->
<testsuite hostname="ITEM-AX31720" name="com.axway.apim.test.envProperties.EnvPropertiesTest" tests="4" failures="0" timestamp="30 Apr 2020 16:50:58 GMT" time="0.007" errors="0">
  <testcase name="testStage" time="0.001" classname="com.axway.apim.test.envProperties.EnvPropertiesTest"/>
  <testcase name="testNoStage" time="0.001" classname="com.axway.apim.test.envProperties.EnvPropertiesTest"/>
  <testcase name="testStageFromConfDir" time="0.001" classname="com.axway.apim.test.envProperties.EnvPropertiesTest"/>
  <testcase name="testNoStageFromConfDir" time="0.004" classname="com.axway.apim.test.envProperties.EnvPropertiesTest"/>
</testsuite> <!-- com.axway.apim.test.envProperties.EnvPropertiesTest -->
