<?xml version="1.0" encoding="UTF-8"?>
<!-- Generated by org.testng.reporters.JUnitReportReporter -->
<testsuite hostname="ITEM-AX31720" name="com.axway.apim.test.changestate.RetirementDateParserTest" tests="3" failures="0" timestamp="30 Apr 2020 16:50:58 GMT" time="0.033" errors="0">
  <testcase name="testInvalidRetirementDate2" time="0.001" classname="com.axway.apim.test.changestate.RetirementDateParserTest"/>
  <testcase name="testInvalidRetirementDate1" time="0.011" classname="com.axway.apim.test.changestate.RetirementDateParserTest"/>
  <testcase name="testValidRetirementDates" time="0.021" classname="com.axway.apim.test.changestate.RetirementDateParserTest"/>
</testsuite> <!-- com.axway.apim.test.changestate.RetirementDateParserTest -->
